have_header: checking for sqlite3.h... -------------------- yes

"gcc -E -I. -I/home/e/.rvm/rubies/ruby-1.8.7-p352/lib/ruby/1.8/i686-linux -I. -I/usr/local/include -I/opt/local/include -I/usr/include  -D_FILE_OFFSET_BITS=64  -g -O2  -fPIC   -Wall   conftest.c -o conftest.i"
checked program was:
/* begin */
1: #include <sqlite3.h>
/* end */

--------------------

have_library: checking for sqlite3_open() in -lsqlite3... -------------------- yes

"gcc -o conftest -I. -I/home/e/.rvm/rubies/ruby-1.8.7-p352/lib/ruby/1.8/i686-linux -I. -I/usr/local/include -I/opt/local/include -I/usr/include  -D_FILE_OFFSET_BITS=64  -g -O2  -fPIC   -Wall  conftest.c  -L. -L/home/e/.rvm/rubies/ruby-1.8.7-p352/lib -Wl,-R/home/e/.rvm/rubies/ruby-1.8.7-p352/lib -L/usr/local/lib -Wl,-R/usr/local/lib -L/opt/local/lib -Wl,-R/opt/local/lib -L/usr/lib -Wl,-R/usr/lib -L.  -rdynamic -Wl,-export-dynamic     -lruby-static -lsqlite3  -lrt -ldl -lcrypt -lm   -lc"
conftest.c: In function ‘t’:
conftest.c:3:53: error: ‘sqlite3_open’ undeclared (first use in this function)
conftest.c:3:53: note: each undeclared identifier is reported only once for each function it appears in
checked program was:
/* begin */
1: /*top*/
2: int main() { return 0; }
3: int t() { void ((*volatile p)()); p = (void ((*)()))sqlite3_open; return 0; }
/* end */

"gcc -o conftest -I. -I/home/e/.rvm/rubies/ruby-1.8.7-p352/lib/ruby/1.8/i686-linux -I. -I/usr/local/include -I/opt/local/include -I/usr/include  -D_FILE_OFFSET_BITS=64  -g -O2  -fPIC   -Wall  conftest.c  -L. -L/home/e/.rvm/rubies/ruby-1.8.7-p352/lib -Wl,-R/home/e/.rvm/rubies/ruby-1.8.7-p352/lib -L/usr/local/lib -Wl,-R/usr/local/lib -L/opt/local/lib -Wl,-R/opt/local/lib -L/usr/lib -Wl,-R/usr/lib -L.  -rdynamic -Wl,-export-dynamic     -lruby-static -lsqlite3  -lrt -ldl -lcrypt -lm   -lc"
conftest.c: In function ‘t’:
conftest.c:3:1: warning: implicit declaration of function ‘sqlite3_open’
checked program was:
/* begin */
1: /*top*/
2: int main() { return 0; }
3: int t() { sqlite3_open(); return 0; }
/* end */

--------------------

have_func: checking for localtime_r()... -------------------- yes

"gcc -o conftest -I. -I/home/e/.rvm/rubies/ruby-1.8.7-p352/lib/ruby/1.8/i686-linux -I. -I/usr/local/include -I/opt/local/include -I/usr/include  -D_FILE_OFFSET_BITS=64  -g -O2  -fPIC   -Wall  conftest.c  -L. -L/home/e/.rvm/rubies/ruby-1.8.7-p352/lib -Wl,-R/home/e/.rvm/rubies/ruby-1.8.7-p352/lib -L/usr/local/lib -Wl,-R/usr/local/lib -L/opt/local/lib -Wl,-R/opt/local/lib -L/usr/lib -Wl,-R/usr/lib -L.  -rdynamic -Wl,-export-dynamic    -lsqlite3  -lruby-static -lsqlite3  -lrt -ldl -lcrypt -lm   -lc"
conftest.c: In function ‘t’:
conftest.c:3:53: error: ‘localtime_r’ undeclared (first use in this function)
conftest.c:3:53: note: each undeclared identifier is reported only once for each function it appears in
checked program was:
/* begin */
1: /*top*/
2: int main() { return 0; }
3: int t() { void ((*volatile p)()); p = (void ((*)()))localtime_r; return 0; }
/* end */

"gcc -o conftest -I. -I/home/e/.rvm/rubies/ruby-1.8.7-p352/lib/ruby/1.8/i686-linux -I. -I/usr/local/include -I/opt/local/include -I/usr/include  -D_FILE_OFFSET_BITS=64  -g -O2  -fPIC   -Wall  conftest.c  -L. -L/home/e/.rvm/rubies/ruby-1.8.7-p352/lib -Wl,-R/home/e/.rvm/rubies/ruby-1.8.7-p352/lib -L/usr/local/lib -Wl,-R/usr/local/lib -L/opt/local/lib -Wl,-R/opt/local/lib -L/usr/lib -Wl,-R/usr/lib -L.  -rdynamic -Wl,-export-dynamic    -lsqlite3  -lruby-static -lsqlite3  -lrt -ldl -lcrypt -lm   -lc"
conftest.c: In function ‘t’:
conftest.c:3:1: warning: implicit declaration of function ‘localtime_r’
checked program was:
/* begin */
1: /*top*/
2: int main() { return 0; }
3: int t() { localtime_r(); return 0; }
/* end */

--------------------

have_func: checking for gmtime_r()... -------------------- yes

"gcc -o conftest -I. -I/home/e/.rvm/rubies/ruby-1.8.7-p352/lib/ruby/1.8/i686-linux -I. -I/usr/local/include -I/opt/local/include -I/usr/include  -D_FILE_OFFSET_BITS=64  -g -O2  -fPIC   -Wall  conftest.c  -L. -L/home/e/.rvm/rubies/ruby-1.8.7-p352/lib -Wl,-R/home/e/.rvm/rubies/ruby-1.8.7-p352/lib -L/usr/local/lib -Wl,-R/usr/local/lib -L/opt/local/lib -Wl,-R/opt/local/lib -L/usr/lib -Wl,-R/usr/lib -L.  -rdynamic -Wl,-export-dynamic    -lsqlite3  -lruby-static -lsqlite3  -lrt -ldl -lcrypt -lm   -lc"
conftest.c: In function ‘t’:
conftest.c:3:53: error: ‘gmtime_r’ undeclared (first use in this function)
conftest.c:3:53: note: each undeclared identifier is reported only once for each function it appears in
checked program was:
/* begin */
1: /*top*/
2: int main() { return 0; }
3: int t() { void ((*volatile p)()); p = (void ((*)()))gmtime_r; return 0; }
/* end */

"gcc -o conftest -I. -I/home/e/.rvm/rubies/ruby-1.8.7-p352/lib/ruby/1.8/i686-linux -I. -I/usr/local/include -I/opt/local/include -I/usr/include  -D_FILE_OFFSET_BITS=64  -g -O2  -fPIC   -Wall  conftest.c  -L. -L/home/e/.rvm/rubies/ruby-1.8.7-p352/lib -Wl,-R/home/e/.rvm/rubies/ruby-1.8.7-p352/lib -L/usr/local/lib -Wl,-R/usr/local/lib -L/opt/local/lib -Wl,-R/opt/local/lib -L/usr/lib -Wl,-R/usr/lib -L.  -rdynamic -Wl,-export-dynamic    -lsqlite3  -lruby-static -lsqlite3  -lrt -ldl -lcrypt -lm   -lc"
conftest.c: In function ‘t’:
conftest.c:3:1: warning: implicit declaration of function ‘gmtime_r’
checked program was:
/* begin */
1: /*top*/
2: int main() { return 0; }
3: int t() { gmtime_r(); return 0; }
/* end */

--------------------

have_func: checking for sqlite3_prepare_v2()... -------------------- yes

"gcc -o conftest -I. -I/home/e/.rvm/rubies/ruby-1.8.7-p352/lib/ruby/1.8/i686-linux -I. -I/usr/local/include -I/opt/local/include -I/usr/include  -D_FILE_OFFSET_BITS=64  -g -O2  -fPIC   -Wall  conftest.c  -L. -L/home/e/.rvm/rubies/ruby-1.8.7-p352/lib -Wl,-R/home/e/.rvm/rubies/ruby-1.8.7-p352/lib -L/usr/local/lib -Wl,-R/usr/local/lib -L/opt/local/lib -Wl,-R/opt/local/lib -L/usr/lib -Wl,-R/usr/lib -L.  -rdynamic -Wl,-export-dynamic    -lsqlite3  -lruby-static -lsqlite3  -lrt -ldl -lcrypt -lm   -lc"
conftest.c: In function ‘t’:
conftest.c:3:53: error: ‘sqlite3_prepare_v2’ undeclared (first use in this function)
conftest.c:3:53: note: each undeclared identifier is reported only once for each function it appears in
checked program was:
/* begin */
1: /*top*/
2: int main() { return 0; }
3: int t() { void ((*volatile p)()); p = (void ((*)()))sqlite3_prepare_v2; return 0; }
/* end */

"gcc -o conftest -I. -I/home/e/.rvm/rubies/ruby-1.8.7-p352/lib/ruby/1.8/i686-linux -I. -I/usr/local/include -I/opt/local/include -I/usr/include  -D_FILE_OFFSET_BITS=64  -g -O2  -fPIC   -Wall  conftest.c  -L. -L/home/e/.rvm/rubies/ruby-1.8.7-p352/lib -Wl,-R/home/e/.rvm/rubies/ruby-1.8.7-p352/lib -L/usr/local/lib -Wl,-R/usr/local/lib -L/opt/local/lib -Wl,-R/opt/local/lib -L/usr/lib -Wl,-R/usr/lib -L.  -rdynamic -Wl,-export-dynamic    -lsqlite3  -lruby-static -lsqlite3  -lrt -ldl -lcrypt -lm   -lc"
conftest.c: In function ‘t’:
conftest.c:3:1: warning: implicit declaration of function ‘sqlite3_prepare_v2’
checked program was:
/* begin */
1: /*top*/
2: int main() { return 0; }
3: int t() { sqlite3_prepare_v2(); return 0; }
/* end */

--------------------

have_func: checking for sqlite3_open_v2()... -------------------- yes

"gcc -o conftest -I. -I/home/e/.rvm/rubies/ruby-1.8.7-p352/lib/ruby/1.8/i686-linux -I. -I/usr/local/include -I/opt/local/include -I/usr/include  -D_FILE_OFFSET_BITS=64  -g -O2  -fPIC   -Wall  conftest.c  -L. -L/home/e/.rvm/rubies/ruby-1.8.7-p352/lib -Wl,-R/home/e/.rvm/rubies/ruby-1.8.7-p352/lib -L/usr/local/lib -Wl,-R/usr/local/lib -L/opt/local/lib -Wl,-R/opt/local/lib -L/usr/lib -Wl,-R/usr/lib -L.  -rdynamic -Wl,-export-dynamic    -lsqlite3  -lruby-static -lsqlite3  -lrt -ldl -lcrypt -lm   -lc"
conftest.c: In function ‘t’:
conftest.c:3:53: error: ‘sqlite3_open_v2’ undeclared (first use in this function)
conftest.c:3:53: note: each undeclared identifier is reported only once for each function it appears in
checked program was:
/* begin */
1: /*top*/
2: int main() { return 0; }
3: int t() { void ((*volatile p)()); p = (void ((*)()))sqlite3_open_v2; return 0; }
/* end */

"gcc -o conftest -I. -I/home/e/.rvm/rubies/ruby-1.8.7-p352/lib/ruby/1.8/i686-linux -I. -I/usr/local/include -I/opt/local/include -I/usr/include  -D_FILE_OFFSET_BITS=64  -g -O2  -fPIC   -Wall  conftest.c  -L. -L/home/e/.rvm/rubies/ruby-1.8.7-p352/lib -Wl,-R/home/e/.rvm/rubies/ruby-1.8.7-p352/lib -L/usr/local/lib -Wl,-R/usr/local/lib -L/opt/local/lib -Wl,-R/opt/local/lib -L/usr/lib -Wl,-R/usr/lib -L.  -rdynamic -Wl,-export-dynamic    -lsqlite3  -lruby-static -lsqlite3  -lrt -ldl -lcrypt -lm   -lc"
conftest.c: In function ‘t’:
conftest.c:3:1: warning: implicit declaration of function ‘sqlite3_open_v2’
checked program was:
/* begin */
1: /*top*/
2: int main() { return 0; }
3: int t() { sqlite3_open_v2(); return 0; }
/* end */

--------------------

